testrecycler/build/outputs/logs/manifest-merger-baidu-debug-report.txt
-- Merging decision tree log ---
manifest
ADDED from src/main/AndroidManifest.xml:2:1-77:12
	package
		ADDED from src/main/AndroidManifest.xml:3:5-33
		INJECTED from src/main/AndroidManifest.xml
		INJECTED from src/main/AndroidManifest.xml
	android:versionName
		INJECTED from src/main/AndroidManifest.xml
		INJECTED from src/main/AndroidManifest.xml
	xmlns:android
		ADDED from src/main/AndroidManifest.xml:2:11-69
	android:versionCode
		INJECTED from src/main/AndroidManifest.xml
		INJECTED from src/main/AndroidManifest.xml
application
ADDED from src/main/AndroidManifest.xml:5:5-75:19
MERGED from [com.android.support:design:23.2.0] AndroidManifest.xml:22:5-20
MERGED from [com.android.support:support-v4:23.2.0] AndroidManifest.xml:22:5-20
MERGED from [com.android.support:appcompat-v7:23.2.0] AndroidManifest.xml:25:5-20
MERGED from [com.android.support:animated-vector-drawable:23.2.0] AndroidManifest.xml:7:5-20
MERGED from [com.android.support:support-vector-drawable:23.2.0] AndroidManifest.xml:7:5-20
MERGED from [com.android.support:cardview-v7:23.1.1] AndroidManifest.xml:22:5-20
	android:label
		ADDED from src/main/AndroidManifest.xml:9:9-41
	android:supportsRtl
		ADDED from src/main/AndroidManifest.xml:10:9-35
	android:allowBackup
		ADDED from src/main/AndroidManifest.xml:7:9-35
	android:icon
		ADDED from src/main/AndroidManifest.xml:8:9-43
	android:theme
		ADDED from src/main/AndroidManifest.xml:11:9-40
	android:name
		ADDED from src/main/AndroidManifest.xml:6:9-44
activity#com.clock.systemui.activity.MainActivity
ADDED from src/main/AndroidManifest.xml:12:9-18:20
	android:name
		ADDED from src/main/AndroidManifest.xml:12:19-56
intent-filter#android.intent.action.MAIN+android.intent.category.LAUNCHER
ADDED from src/main/AndroidManifest.xml:13:13-17:29
action#android.intent.action.MAIN
ADDED from src/main/AndroidManifest.xml:14:17-69
	android:name
		ADDED from src/main/AndroidManifest.xml:14:25-66
category#android.intent.category.LAUNCHER
ADDED from src/main/AndroidManifest.xml:16:17-77
	android:name
		ADDED from src/main/AndroidManifest.xml:16:27-74
activity#com.clock.systemui.activity.translucent.ImageTranslucentBarActivity
ADDED from src/main/AndroidManifest.xml:19:9-22:60
	android:label
		ADDED from src/main/AndroidManifest.xml:21:13-58
	android:theme
		ADDED from src/main/AndroidManifest.xml:22:13-57
	android:name
		ADDED from src/main/AndroidManifest.xml:20:13-77
activity#com.clock.systemui.activity.translucent.ColorTranslucentBarActivity
ADDED from src/main/AndroidManifest.xml:23:9-26:60
	android:label
		ADDED from src/main/AndroidManifest.xml:25:13-58
	android:theme
		ADDED from src/main/AndroidManifest.xml:26:13-57
	android:name
		ADDED from src/main/AndroidManifest.xml:24:13-77
activity#com.clock.systemui.activity.translucent.BestTranslucentBarActivity
ADDED from src/main/AndroidManifest.xml:27:9-29:60
	android:theme
		ADDED from src/main/AndroidManifest.xml:29:13-57
	android:name
		ADDED from src/main/AndroidManifest.xml:28:13-76
activity#com.clock.systemui.activity.toolbar.ToolBarActivity
ADDED from src/main/AndroidManifest.xml:30:9-32:48
	android:label
		ADDED from src/main/AndroidManifest.xml:32:13-45
	android:name
		ADDED from src/main/AndroidManifest.xml:31:13-61
activity#com.clock.systemui.activity.toolbar.ZhiHuActivity
ADDED from src/main/AndroidManifest.xml:33:9-36:50
	android:label
		ADDED from src/main/AndroidManifest.xml:35:13-43
	android:theme
		ADDED from src/main/AndroidManifest.xml:36:13-47
	android:name
		ADDED from src/main/AndroidManifest.xml:34:13-59
activity#com.clock.systemui.activity.navigation.SimpleDrawerActivity
ADDED from src/main/AndroidManifest.xml:37:9-39:53
	android:label
		ADDED from src/main/AndroidManifest.xml:39:13-50
	android:name
		ADDED from src/main/AndroidManifest.xml:38:13-69
activity#com.clock.systemui.activity.navigation.SimpleNavigationDrawerActivity
ADDED from src/main/AndroidManifest.xml:40:9-43:67
	android:label
		ADDED from src/main/AndroidManifest.xml:42:13-61
	android:theme
		ADDED from src/main/AndroidManifest.xml:43:13-64
	android:name
		ADDED from src/main/AndroidManifest.xml:41:13-79
activity#com.clock.systemui.activity.navigation.CloudMusicActivity
ADDED from src/main/AndroidManifest.xml:44:9-46:67
	android:theme
		ADDED from src/main/AndroidManifest.xml:46:13-64
	android:name
		ADDED from src/main/AndroidManifest.xml:45:13-67
activity#com.clock.systemui.activity.navigation.NavigationDrawerAnimationActivity
ADDED from src/main/AndroidManifest.xml:47:9-91
	android:name
		ADDED from src/main/AndroidManifest.xml:47:19-88
activity#com.clock.systemui.activity.translucent.TranslucentDemoActivity
ADDED from src/main/AndroidManifest.xml:48:9-82
	android:name
		ADDED from src/main/AndroidManifest.xml:48:19-79
activity#com.clock.systemui.activity.toolbar.ToolDemoActivity
ADDED from src/main/AndroidManifest.xml:49:9-71
	android:name
		ADDED from src/main/AndroidManifest.xml:49:19-68
activity#com.clock.systemui.activity.navigation.NavigationDemoActivity
ADDED from src/main/AndroidManifest.xml:50:9-80
	android:name
		ADDED from src/main/AndroidManifest.xml:50:19-77
activity#com.clock.systemui.activity.cardview.CardViewDemoActivity
ADDED from src/main/AndroidManifest.xml:51:9-53:40
	android:label
		ADDED from src/main/AndroidManifest.xml:53:13-37
	android:name
		ADDED from src/main/AndroidManifest.xml:52:13-67
activity#com.clock.systemui.activity.snackbar.SnackBarDemoActivity
ADDED from src/main/AndroidManifest.xml:54:9-56:40
	android:label
		ADDED from src/main/AndroidManifest.xml:56:13-37
	android:name
		ADDED from src/main/AndroidManifest.xml:55:13-67
activity#com.clock.systemui.activity.bt.BarTabDemoActivity
ADDED from src/main/AndroidManifest.xml:57:9-59:44
	android:label
		ADDED from src/main/AndroidManifest.xml:59:13-41
	android:name
		ADDED from src/main/AndroidManifest.xml:58:13-59
activity#com.clock.systemui.activity.collapsing.CollapsingDemoActivity
ADDED from src/main/AndroidManifest.xml:60:9-62:43
	android:label
		ADDED from src/main/AndroidManifest.xml:62:13-40
	android:name
		ADDED from src/main/AndroidManifest.xml:61:13-71
activity#com.clock.systemui.activity.recycler.RecyclerDemoActivity
ADDED from src/main/AndroidManifest.xml:63:9-65:44
	android:label
		ADDED from src/main/AndroidManifest.xml:65:13-41
	android:name
		ADDED from src/main/AndroidManifest.xml:64:13-67
activity#com.clock.systemui.activity.bs.BottomSheetsDemoActivity
ADDED from src/main/AndroidManifest.xml:66:9-74
	android:name
		ADDED from src/main/AndroidManifest.xml:66:19-71
activity#com.clock.systemui.activity.listview.ListViewDemoActivity
ADDED from src/main/AndroidManifest.xml:67:9-69:40
	android:label
		ADDED from src/main/AndroidManifest.xml:69:13-37
	android:name
		ADDED from src/main/AndroidManifest.xml:68:13-67
activity#com.clock.systemui.MainActivity_new
ADDED from src/main/AndroidManifest.xml:71:9-74:15
	android:windowSoftInputMode
		ADDED from src/main/AndroidManifest.xml:73:13-67
	android:theme
		ADDED from src/main/AndroidManifest.xml:72:13-51
	android:name
		ADDED from src/main/AndroidManifest.xml:71:19-51
uses-sdk
INJECTED from src/main/AndroidManifest.xml reason: use-sdk injection requested
MERGED from [com.android.support:design:23.2.0] AndroidManifest.xml:20:5-43
MERGED from [com.android.support:recyclerview-v7:23.2.0] AndroidManifest.xml:20:5-43
MERGED from [com.android.support:support-v4:23.2.0] AndroidManifest.xml:20:5-43
MERGED from [com.android.support:appcompat-v7:23.2.0] AndroidManifest.xml:21:5-23:78
MERGED from [com.android.support:animated-vector-drawable:23.2.0] AndroidManifest.xml:5:5-44
MERGED from [com.android.support:support-vector-drawable:23.2.0] AndroidManifest.xml:5:5-43
MERGED from [com.android.support:cardview-v7:23.1.1] AndroidManifest.xml:20:5-43
	tools:overrideLibrary
		ADDED from [com.android.support:appcompat-v7:23.2.0] AndroidManifest.xml:23:9-75
	android:targetSdkVersion
		INJECTED from src/main/AndroidManifest.xml
		INJECTED from src/main/AndroidManifest.xml
	android:minSdkVersion
		INJECTED from src/main/AndroidManifest.xml
		INJECTED from src/main/AndroidManifest.xml